app/build/intermediates/manifest_merge_blame_file/debug/processDebugMainManifest/manifest-merger-blame-debug-report.txt
1<?xml version="1.0" encoding="utf-8"?>
2<manifest xmlns:android="http://schemas.android.com/apk/res/android"
3    package="br.gov.bombeiros.pr.heartbpm"
4    android:versionCode="1"
5    android:versionName="1.0.0" >
6
7    <uses-sdk
8        android:minSdkVersion="30"
9        android:targetSdkVersion="35" />
10
11    <!-- Leitura do sensor corporal (frequência cardíaca) -->
12    <uses-permission android:name="android.permission.BODY_SENSORS" />
12-->src/main/AndroidManifest.xml:6:5-71
12-->src/main/AndroidManifest.xml:6:22-68
13    <uses-permission android:name="android.permission.BODY_SENSORS_BACKGROUND" />
13-->src/main/AndroidManifest.xml:7:5-82
13-->src/main/AndroidManifest.xml:7:22-79
14
15    <!-- Obrigatório no Android 12+ para sensores de atividade física -->
16    <uses-permission android:name="android.permission.ACTIVITY_RECOGNITION" />
16-->src/main/AndroidManifest.xml:10:5-79
16-->src/main/AndroidManifest.xml:10:22-76
17
18    <!-- Health Connect (dispositivos que exigem camada adicional) -->
19    <uses-permission android:name="android.permission.health.READ_HEART_RATE" />
19-->src/main/AndroidManifest.xml:13:5-15:46
19-->src/main/AndroidManifest.xml:14:9-65
20
21    <!-- Mantém CPU ativa durante leitura do sensor -->
22    <uses-permission android:name="android.permission.WAKE_LOCK" />
22-->src/main/AndroidManifest.xml:18:5-68
22-->src/main/AndroidManifest.xml:18:22-65
23
24    <!-- Feedback tátil de alarme -->
25    <uses-permission android:name="android.permission.VIBRATE" />
25-->src/main/AndroidManifest.xml:21:5-66
25-->src/main/AndroidManifest.xml:21:22-63
26
27    <!-- Hardware obrigatório: relógio com sensor cardíaco -->
28    <uses-feature android:name="android.hardware.type.watch" />
28-->src/main/AndroidManifest.xml:24:5-64
28-->src/main/AndroidManifest.xml:24:19-61
29    <uses-feature
29-->src/main/AndroidManifest.xml:25:5-27:35
30        android:name="android.hardware.sensor.heart_rate"
30-->src/main/AndroidManifest.xml:26:9-58
31        android:required="true" />
31-->src/main/AndroidManifest.xml:27:9-32
32
33    <permission
33-->[androidx.core:core:1.15.0] AndroidManifest.xml:22:5-24:47
34        android:name="br.gov.bombeiros.pr.heartbpm.DYNAMIC_RECEIVER_NOT_EXPORTED_PERMISSION"
34-->[androidx.core:core:1.15.0] AndroidManifest.xml:23:9-81
35        android:protectionLevel="signature" />
35-->[androidx.core:core:1.15.0] AndroidManifest.xml:24:9-44
36
37    <uses-permission android:name="br.gov.bombeiros.pr.heartbpm.DYNAMIC_RECEIVER_NOT_EXPORTED_PERMISSION" />
37-->[androidx.core:core:1.15.0] AndroidManifest.xml:26:5-97
37-->[androidx.core:core:1.15.0] AndroidManifest.xml:26:22-94
38
39    <application
39-->src/main/AndroidManifest.xml:29:5-55:19
40        android:allowBackup="true"
40-->src/main/AndroidManifest.xml:30:9-35
41        android:appComponentFactory="androidx.core.app.CoreComponentFactory"
41-->[androidx.core:core:1.15.0] AndroidManifest.xml:28:18-86
42        android:debuggable="true"
43        android:extractNativeLibs="false"
44        android:icon="@mipmap/ic_launcher"
44-->src/main/AndroidManifest.xml:31:9-43
45        android:label="@string/app_name"
45-->src/main/AndroidManifest.xml:32:9-41
46        android:supportsRtl="true"
46-->src/main/AndroidManifest.xml:33:9-35
47        android:theme="@android:style/Theme.DeviceDefault" >
47-->src/main/AndroidManifest.xml:34:9-59
48        <uses-library
48-->src/main/AndroidManifest.xml:36:9-38:39
49            android:name="com.google.android.wearable"
49-->src/main/AndroidManifest.xml:37:13-55
50            android:required="true" />
50-->src/main/AndroidManifest.xml:38:13-36
51
52        <!-- Não depende de app companion no celular -->
53        <meta-data
53-->src/main/AndroidManifest.xml:41:9-43:36
54            android:name="com.google.android.wearable.standalone"
54-->src/main/AndroidManifest.xml:42:13-66
55            android:value="true" />
55-->src/main/AndroidManifest.xml:43:13-33
56
57        <activity
57-->src/main/AndroidManifest.xml:45:9-54:20
58            android:name="br.gov.bombeiros.pr.heartbpm.presentation.MainActivity"
58-->src/main/AndroidManifest.xml:46:13-54
59            android:exported="true"
59-->src/main/AndroidManifest.xml:47:13-36
60            android:taskAffinity=""
60-->src/main/AndroidManifest.xml:48:13-36
61            android:theme="@style/MainActivityTheme.Starting" >
61-->src/main/AndroidManifest.xml:49:13-62
62            <intent-filter>
62-->src/main/AndroidManifest.xml:50:13-53:29
63                <action android:name="android.intent.action.MAIN" />
63-->src/main/AndroidManifest.xml:51:17-69
63-->src/main/AndroidManifest.xml:51:25-66
64
65                <category android:name="android.intent.category.LAUNCHER" />
65-->src/main/AndroidManifest.xml:52:17-77
65-->src/main/AndroidManifest.xml:52:27-74
66            </intent-filter>
67        </activity>
68
69        <uses-library
69-->[androidx.wear.compose:compose-foundation:1.6.2] AndroidManifest.xml:23:9-25:40
70            android:name="wear-sdk"
70-->[androidx.wear.compose:compose-foundation:1.6.2] AndroidManifest.xml:24:13-36
71            android:required="false" />
71-->[androidx.wear.compose:compose-foundation:1.6.2] AndroidManifest.xml:25:13-37
72
73        <activity
73-->[com.google.android.gms:play-services-base:18.5.0] AndroidManifest.xml:5:9-173
74            android:name="com.google.android.gms.common.api.GoogleApiActivity"
74-->[com.google.android.gms:play-services-base:18.5.0] AndroidManifest.xml:5:19-85
75            android:exported="false"
75-->[com.google.android.gms:play-services-base:18.5.0] AndroidManifest.xml:5:146-170
76            android:theme="@android:style/Theme.Translucent.NoTitleBar" />
76-->[com.google.android.gms:play-services-base:18.5.0] AndroidManifest.xml:5:86-145
77
78        <meta-data
78-->[com.google.android.gms:play-services-basement:18.4.0] AndroidManifest.xml:6:9-122
79            android:name="com.google.android.gms.version"
79-->[com.google.android.gms:play-services-basement:18.4.0] AndroidManifest.xml:6:20-65
80            android:value="@integer/google_play_services_version" />
80-->[com.google.android.gms:play-services-basement:18.4.0] AndroidManifest.xml:6:66-119
81
82        <activity
82-->[androidx.compose.ui:ui-tooling-android:1.9.0] AndroidManifest.xml:23:9-25:39
83            android:name="androidx.compose.ui.tooling.PreviewActivity"
83-->[androidx.compose.ui:ui-tooling-android:1.9.0] AndroidManifest.xml:24:13-71
84            android:exported="true" />
84-->[androidx.compose.ui:ui-tooling-android:1.9.0] AndroidManifest.xml:25:13-36
85        <activity
85-->[androidx.compose.ui:ui-test-manifest:1.9.0] AndroidManifest.xml:23:9-26:79
86            android:name="androidx.activity.ComponentActivity"
86-->[androidx.compose.ui:ui-test-manifest:1.9.0] AndroidManifest.xml:24:13-63
87            android:exported="true"
87-->[androidx.compose.ui:ui-test-manifest:1.9.0] AndroidManifest.xml:25:13-36
88            android:theme="@android:style/Theme.Material.Light.NoActionBar" />
88-->[androidx.compose.ui:ui-test-manifest:1.9.0] AndroidManifest.xml:26:13-76
89
90        <provider
90-->[androidx.emoji2:emoji2:1.4.0] AndroidManifest.xml:24:9-32:20
91            android:name="androidx.startup.InitializationProvider"
91-->[androidx.emoji2:emoji2:1.4.0] AndroidManifest.xml:25:13-67
92            android:authorities="br.gov.bombeiros.pr.heartbpm.androidx-startup"
92-->[androidx.emoji2:emoji2:1.4.0] AndroidManifest.xml:26:13-68
93            android:exported="false" >
93-->[androidx.emoji2:emoji2:1.4.0] AndroidManifest.xml:27:13-37
94            <meta-data
94-->[androidx.emoji2:emoji2:1.4.0] AndroidManifest.xml:29:13-31:52
95                android:name="androidx.emoji2.text.EmojiCompatInitializer"
95-->[androidx.emoji2:emoji2:1.4.0] AndroidManifest.xml:30:17-75
96                android:value="androidx.startup" />
96-->[androidx.emoji2:emoji2:1.4.0] AndroidManifest.xml:31:17-49
97            <meta-data
97-->[androidx.lifecycle:lifecycle-process:2.9.0] AndroidManifest.xml:29:13-31:52
98                android:name="androidx.lifecycle.ProcessLifecycleInitializer"
98-->[androidx.lifecycle:lifecycle-process:2.9.0] AndroidManifest.xml:30:17-78
99                android:value="androidx.startup" />
99-->[androidx.lifecycle:lifecycle-process:2.9.0] AndroidManifest.xml:31:17-49
100            <meta-data
100-->[androidx.profileinstaller:profileinstaller:1.4.0] AndroidManifest.xml:29:13-31:52
101                android:name="androidx.profileinstaller.ProfileInstallerInitializer"
101-->[androidx.profileinstaller:profileinstaller:1.4.0] AndroidManifest.xml:30:17-85
102                android:value="androidx.startup" />
102-->[androidx.profileinstaller:profileinstaller:1.4.0] AndroidManifest.xml:31:17-49
103        </provider>
104
105        <receiver
105-->[androidx.profileinstaller:profileinstaller:1.4.0] AndroidManifest.xml:34:9-52:20
106            android:name="androidx.profileinstaller.ProfileInstallReceiver"
106-->[androidx.profileinstaller:profileinstaller:1.4.0] AndroidManifest.xml:35:13-76
107            android:directBootAware="false"
107-->[androidx.profileinstaller:profileinstaller:1.4.0] AndroidManifest.xml:36:13-44
108            android:enabled="true"
108-->[androidx.profileinstaller:profileinstaller:1.4.0] AndroidManifest.xml:37:13-35
109            android:exported="true"
109-->[androidx.profileinstaller:profileinstaller:1.4.0] AndroidManifest.xml:38:13-36
110            android:permission="android.permission.DUMP" >
110-->[androidx.profileinstaller:profileinstaller:1.4.0] AndroidManifest.xml:39:13-57
111            <intent-filter>
111-->[androidx.profileinstaller:profileinstaller:1.4.0] AndroidManifest.xml:40:13-42:29
112                <action android:name="androidx.profileinstaller.action.INSTALL_PROFILE" />
112-->[androidx.profileinstaller:profileinstaller:1.4.0] AndroidManifest.xml:41:17-91
112-->[androidx.profileinstaller:profileinstaller:1.4.0] AndroidManifest.xml:41:25-88
113            </intent-filter>
114            <intent-filter>
114-->[androidx.profileinstaller:profileinstaller:1.4.0] AndroidManifest.xml:43:13-45:29
115                <action android:name="androidx.profileinstaller.action.SKIP_FILE" />
115-->[androidx.profileinstaller:profileinstaller:1.4.0] AndroidManifest.xml:44:17-85
115-->[androidx.profileinstaller:profileinstaller:1.4.0] AndroidManifest.xml:44:25-82
116            </intent-filter>
117            <intent-filter>
117-->[androidx.profileinstaller:profileinstaller:1.4.0] AndroidManifest.xml:46:13-48:29
118                <action android:name="androidx.profileinstaller.action.SAVE_PROFILE" />
118-->[androidx.profileinstaller:profileinstaller:1.4.0] AndroidManifest.xml:47:17-88
118-->[androidx.profileinstaller:profileinstaller:1.4.0] AndroidManifest.xml:47:25-85
119            </intent-filter>
120            <intent-filter>
120-->[androidx.profileinstaller:profileinstaller:1.4.0] AndroidManifest.xml:49:13-51:29
121                <action android:name="androidx.profileinstaller.action.BENCHMARK_OPERATION" />
121-->[androidx.profileinstaller:profileinstaller:1.4.0] AndroidManifest.xml:50:17-95
121-->[androidx.profileinstaller:profileinstaller:1.4.0] AndroidManifest.xml:50:25-92
122            </intent-filter>
123        </receiver>
124    </application>
125
126</manifest>